<?xml version="1.0" encoding="UTF-8"?>
<!-- Generated by org.testng.reporters.JUnitXMLReporter -->
<testsuite ignored="0" hostname="dac-19" failures="0" tests="3" name="Selenium Tests" time="41.977" errors="0" timestamp="2024-12-21T19:10:25 IST">
  <testcase classname="com.selenium.tests.SeleniumTest" name="testUIElements" time="2.281"/>
  <testcase classname="com.selenium.tests.SeleniumTest2" name="testUIElements" time="1.783"/>
  <testcase classname="com.selenium.tests.SeleniumTest2" name="testUIElements2" time="1.262"/>
</testsuite> <!-- Selenium Tests -->
