<?xml version="1.0" encoding="UTF-8"?>
<testng-results ignored="0" total="3" passed="3" failed="0" skipped="0">
  <reporter-output>
  </reporter-output>
  <suite started-at="2024-12-21T19:09:43 IST" name="Test Suite" finished-at="2024-12-21T19:10:25 IST" duration-ms="41977">
    <groups>
    </groups>
    <test started-at="2024-12-21T19:09:43 IST" name="Selenium Tests" finished-at="2024-12-21T19:10:25 IST" duration-ms="41977">
      <class name="com.selenium.tests.SeleniumTest">
        <test-method is-config="true" signature="setup()[pri:0, instance:com.selenium.tests.SeleniumTest@45c7e403]" started-at="2024-12-21T19:09:43 IST" name="setup" finished-at="2024-12-21T19:09:46 IST" duration-ms="2484" status="PASS">
          <reporter-output>
          </reporter-output>
        </test-method> <!-- setup -->
        <test-method signature="testUIElements()[pri:0, instance:com.selenium.tests.SeleniumTest@45c7e403]" started-at="2024-12-21T19:09:46 IST" name="testUIElements" finished-at="2024-12-21T19:09:48 IST" duration-ms="2281" status="PASS">
          <reporter-output>
          </reporter-output>
        </test-method> <!-- testUIElements -->
        <test-method is-config="true" signature="teardown()[pri:0, instance:com.selenium.tests.SeleniumTest@45c7e403]" started-at="2024-12-21T19:09:48 IST" name="teardown" finished-at="2024-12-21T19:09:48 IST" duration-ms="168" status="PASS">
          <reporter-output>
          </reporter-output>
        </test-method> <!-- teardown -->
      </class> <!-- com.selenium.tests.SeleniumTest -->
      <class name="com.selenium.tests.SeleniumTest2">
        <test-method is-config="true" signature="setup()[pri:0, instance:com.selenium.tests.SeleniumTest2@6ad82709]" started-at="2024-12-21T19:09:48 IST" name="setup" finished-at="2024-12-21T19:10:22 IST" duration-ms="33782" status="PASS">
          <reporter-output>
          </reporter-output>
        </test-method> <!-- setup -->
        <test-method signature="testUIElements()[pri:0, instance:com.selenium.tests.SeleniumTest2@6ad82709]" started-at="2024-12-21T19:10:22 IST" name="testUIElements" finished-at="2024-12-21T19:10:24 IST" duration-ms="1783" status="PASS">
          <reporter-output>
          </reporter-output>
        </test-method> <!-- testUIElements -->
        <test-method signature="testUIElements2()[pri:0, instance:com.selenium.tests.SeleniumTest2@6ad82709]" started-at="2024-12-21T19:10:24 IST" name="testUIElements2" finished-at="2024-12-21T19:10:25 IST" duration-ms="1262" status="PASS">
          <reporter-output>
          </reporter-output>
        </test-method> <!-- testUIElements2 -->
        <test-method is-config="true" signature="teardown()[pri:0, instance:com.selenium.tests.SeleniumTest2@6ad82709]" started-at="2024-12-21T19:10:25 IST" name="teardown" finished-at="2024-12-21T19:10:25 IST" duration-ms="155" status="PASS">
          <reporter-output>
          </reporter-output>
        </test-method> <!-- teardown -->
      </class> <!-- com.selenium.tests.SeleniumTest2 -->
    </test> <!-- Selenium Tests -->
  </suite> <!-- Test Suite -->
</testng-results>
